Watching for file changes with StatReloader
Exception in thread django-main-thread:
Traceback (most recent call last):
  File "c:\Users\joseph\Downloads\prodig\.venv\Lib\site-packages\django\core\servers\basehttp.py", line 48, in get_internal_wsgi_application
    return import_string(app_path)
  File "c:\Users\joseph\Downloads\prodig\.venv\Lib\site-packages\django\utils\module_loading.py", line 30, in import_string
    return cached_import(module_path, class_name)
  File "c:\Users\joseph\Downloads\prodig\.venv\Lib\site-packages\django\utils\module_loading.py", line 15, in cached_import
    module = import_module(module_path)
  File "C:\Users\joseph\AppData\Local\Programs\Python\Python314\Lib\importlib\__init__.py", line 88, in import_module
    return _bootstrap._gcd_import(name[level:], package, level)
           ~~~~~~~~~~~~~~~~~~~~~~^^^^^^^^^^^^^^^^^^^^^^^^^^^^^^
  File "<frozen importlib._bootstrap>", line 1398, in _gcd_import
  File "<frozen importlib._bootstrap>", line 1371, in _find_and_load
  File "<frozen importlib._bootstrap>", line 1342, in _find_and_load_unlocked
  File "<frozen importlib._bootstrap>", line 938, in _load_unlocked
  File "<frozen importlib._bootstrap_external>", line 762, in exec_module
  File "<frozen importlib._bootstrap>", line 491, in _call_with_frames_removed
  File "c:\Users\joseph\Downloads\prodig\config\wsgi.py", line 10, in <module>
    application = get_wsgi_application()
  File "c:\Users\joseph\Downloads\prodig\.venv\Lib\site-packages\django\core\wsgi.py", line 13, in get_wsgi_application
    return WSGIHandler()
  File "c:\Users\joseph\Downloads\prodig\.venv\Lib\site-packages\django\core\handlers\wsgi.py", line 118, in __init__
    self.load_middleware()
    ~~~~~~~~~~~~~~~~~~~~^^
  File "c:\Users\joseph\Downloads\prodig\.venv\Lib\site-packages\django\core\handlers\base.py", line 40, in load_middleware
    middleware = import_string(middleware_path)
  File "c:\Users\joseph\Downloads\prodig\.venv\Lib\site-packages\django\utils\module_loading.py", line 30, in import_string
    return cached_import(module_path, class_name)
  File "c:\Users\joseph\Downloads\prodig\.venv\Lib\site-packages\django\utils\module_loading.py", line 15, in cached_import
    module = import_module(module_path)
  File "C:\Users\joseph\AppData\Local\Programs\Python\Python314\Lib\importlib\__init__.py", line 88, in import_module
    return _bootstrap._gcd_import(name[level:], package, level)
           ~~~~~~~~~~~~~~~~~~~~~~^^^^^^^^^^^^^^^^^^^^^^^^^^^^^^
  File "<frozen importlib._bootstrap>", line 1398, in _gcd_import
  File "<frozen importlib._bootstrap>", line 1371, in _find_and_load
  File "<frozen importlib._bootstrap>", line 1314, in _find_and_load_unlocked
  File "<frozen importlib._bootstrap>", line 491, in _call_with_frames_removed
  File "<frozen importlib._bootstrap>", line 1398, in _gcd_import
  File "<frozen importlib._bootstrap>", line 1371, in _find_and_load
  File "<frozen importlib._bootstrap>", line 1335, in _find_and_load_unlocked
ModuleNotFoundError: No module named 'whitenoise'

The above exception was the direct cause of the following exception:

Traceback (most recent call last):
  File "C:\Users\joseph\AppData\Local\Programs\Python\Python314\Lib\threading.py", line 1081, in _bootstrap_inner
    self._context.run(self.run)
    ~~~~~~~~~~~~~~~~~^^^^^^^^^^
  File "C:\Users\joseph\AppData\Local\Programs\Python\Python314\Lib\threading.py", line 1023, in run
    self._target(*self._args, **self._kwargs)
    ~~~~~~~~~~~~^^^^^^^^^^^^^^^^^^^^^^^^^^^^^
  File "c:\Users\joseph\Downloads\prodig\.venv\Lib\site-packages\django\utils\autoreload.py", line 64, in wrapper
    fn(*args, **kwargs)
    ~~^^^^^^^^^^^^^^^^^
  File "c:\Users\joseph\Downloads\prodig\.venv\Lib\site-packages\django\core\management\commands\runserver.py", line 139, in inner_run
    handler = self.get_handler(*args, **options)
  File "c:\Users\joseph\Downloads\prodig\.venv\Lib\site-packages\django\contrib\staticfiles\management\commands\runserver.py", line 31, in get_handler
    handler = super().get_handler(*args, **options)
  File "c:\Users\joseph\Downloads\prodig\.venv\Lib\site-packages\django\core\management\commands\runserver.py", line 78, in get_handler
    return get_internal_wsgi_application()
  File "c:\Users\joseph\Downloads\prodig\.venv\Lib\site-packages\django\core\servers\basehttp.py", line 50, in get_internal_wsgi_application
    raise ImproperlyConfigured(
    ...<2 lines>...
    ) from err
django.core.exceptions.ImproperlyConfigured: WSGI application 'config.wsgi.application' could not be loaded; Error importing module.
C:\Users\joseph\Downloads\prodig\config\urls.py changed, reloading.
Performing system checks...

System check identified no issues (0 silenced).
Watching for file changes with StatReloader
Exception in thread django-main-thread:
Traceback (most recent call last):
  File "C:\Users\joseph\AppData\Local\Programs\Python\Python314\Lib\threading.py", line 1081, in _bootstrap_inner
    self._context.run(self.run)
    ~~~~~~~~~~~~~~~~~^^^^^^^^^^
  File "C:\Users\joseph\AppData\Local\Programs\Python\Python314\Lib\threading.py", line 1023, in run
    self._target(*self._args, **self._kwargs)
    ~~~~~~~~~~~~^^^^^^^^^^^^^^^^^^^^^^^^^^^^^
  File "c:\Users\joseph\Downloads\prodig\.venv\Lib\site-packages\django\utils\autoreload.py", line 64, in wrapper
    fn(*args, **kwargs)
    ~~^^^^^^^^^^^^^^^^^
  File "c:\Users\joseph\Downloads\prodig\.venv\Lib\site-packages\django\core\management\commands\runserver.py", line 133, in inner_run
    self.check(display_num_errors=True)
    ~~~~~~~~~~^^^^^^^^^^^^^^^^^^^^^^^^^
  File "c:\Users\joseph\Downloads\prodig\.venv\Lib\site-packages\django\core\management\base.py", line 485, in check
    all_issues = checks.run_checks(
        app_configs=app_configs,
    ...<2 lines>...
        databases=databases,
    )
  File "c:\Users\joseph\Downloads\prodig\.venv\Lib\site-packages\django\core\checks\registry.py", line 88, in run_checks
    new_errors = check(app_configs=app_configs, databases=databases)
  File "c:\Users\joseph\Downloads\prodig\.venv\Lib\site-packages\django\core\checks\urls.py", line 14, in check_url_config
    return check_resolver(resolver)
  File "c:\Users\joseph\Downloads\prodig\.venv\Lib\site-packages\django\core\checks\urls.py", line 24, in check_resolver
    return check_method()
  File "c:\Users\joseph\Downloads\prodig\.venv\Lib\site-packages\django\urls\resolvers.py", line 494, in check
    for pattern in self.url_patterns:
                   ^^^^^^^^^^^^^^^^^
  File "c:\Users\joseph\Downloads\prodig\.venv\Lib\site-packages\django\utils\functional.py", line 57, in __get__
    res = instance.__dict__[self.name] = self.func(instance)
                                         ~~~~~~~~~^^^^^^^^^^
  File "c:\Users\joseph\Downloads\prodig\.venv\Lib\site-packages\django\urls\resolvers.py", line 715, in url_patterns
    patterns = getattr(self.urlconf_module, "urlpatterns", self.urlconf_module)
                       ^^^^^^^^^^^^^^^^^^^
  File "c:\Users\joseph\Downloads\prodig\.venv\Lib\site-packages\django\utils\functional.py", line 57, in __get__
    res = instance.__dict__[self.name] = self.func(instance)
                                         ~~~~~~~~~^^^^^^^^^^
  File "c:\Users\joseph\Downloads\prodig\.venv\Lib\site-packages\django\urls\resolvers.py", line 708, in urlconf_module
    return import_module(self.urlconf_name)
  File "C:\Users\joseph\AppData\Local\Programs\Python\Python314\Lib\importlib\__init__.py", line 88, in import_module
    return _bootstrap._gcd_import(name[level:], package, level)
           ~~~~~~~~~~~~~~~~~~~~~~^^^^^^^^^^^^^^^^^^^^^^^^^^^^^^
  File "<frozen importlib._bootstrap>", line 1398, in _gcd_import
  File "<frozen importlib._bootstrap>", line 1371, in _find_and_load
  File "<frozen importlib._bootstrap>", line 1342, in _find_and_load_unlocked
  File "<frozen importlib._bootstrap>", line 938, in _load_unlocked
  File "<frozen importlib._bootstrap_external>", line 758, in exec_module
  File "<frozen importlib._bootstrap_external>", line 896, in get_code
  File "<frozen importlib._bootstrap_external>", line 826, in source_to_code
  File "<frozen importlib._bootstrap>", line 491, in _call_with_frames_removed
  File "c:\Users\joseph\Downloads\prodig\config\urls.py", line 16
    def root_view(request):
    ^^^
SyntaxError: invalid syntax
C:\Users\joseph\Downloads\prodig\config\urls.py changed, reloading.
Performing system checks...

Watching for file changes with StatReloader
ks\registry.py", line 88, in run_checks
    new_errors = check(app_configs=app_configs, databases=databases)
  File "c:\Users\joseph\Downloads\prodig\.venv\Lib\site-packages\django\core\checks\urls.py", line 14, in check_url_config
    return check_resolver(resolver)
  File "c:\Users\joseph\Downloads\prodig\.venv\Lib\site-packages\django\core\checks\urls.py", line 24, in check_resolver
    return check_method()
  File "c:\Users\joseph\Downloads\prodig\.venv\Lib\site-packages\django\urls\resolvers.py", line 494, in check
    for pattern in self.url_patterns:
                   ^^^^^^^^^^^^^^^^^
  File "c:\Users\joseph\Downloads\prodig\.venv\Lib\site-packages\django\utils\functional.py", line 57, in __get__
    res = instance.__dict__[self.name] = self.func(instance)
                                         ~~~~~~~~~^^^^^^^^^^
  File "c:\Users\joseph\Downloads\prodig\.venv\Lib\site-packages\django\urls\resolvers.py", line 715, in url_patterns
    patterns = getattr(self.urlconf_module, "urlpatterns", self.urlconf_module)
                       ^^^^^^^^^^^^^^^^^^^
  File "c:\Users\joseph\Downloads\prodig\.venv\Lib\site-packages\django\utils\functional.py", line 57, in __get__
    res = instance.__dict__[self.name] = self.func(instance)
                                         ~~~~~~~~~^^^^^^^^^^
  File "c:\Users\joseph\Downloads\prodig\.venv\Lib\site-packages\django\urls\resolvers.py", line 708, in urlconf_module
    return import_module(self.urlconf_name)
  File "C:\Users\joseph\AppData\Local\Programs\Python\Python314\Lib\importlib\__init__.py", line 88, in import_module
    return _bootstrap._gcd_import(name[level:], package, level)
           ~~~~~~~~~~~~~~~~~~~~~~^^^^^^^^^^^^^^^^^^^^^^^^^^^^^^
  File "<frozen importlib._bootstrap>", line 1398, in _gcd_import
  File "<frozen importlib._bootstrap>", line 1371, in _find_and_load
  File "<frozen importlib._bootstrap>", line 1342, in _find_and_load_unlocked
  File "<frozen importlib._bootstrap>", line 938, in _load_unlocked
  File "<frozen importlib._bootstrap_external>", line 758, in exec_module
  File "<frozen importlib._bootstrap_external>", line 896, in get_code
  File "<frozen importlib._bootstrap_external>", line 826, in source_to_code
  File "<frozen importlib._bootstrap>", line 491, in _call_with_frames_removed
  File "c:\Users\joseph\Downloads\prodig\config\urls.py", line 16
    def root_view(request):
    ^^^
SyntaxError: invalid syntax
C:\Users\joseph\Downloads\prodig\config\urls.py changed, reloading.
Performing system checks...

Watching for file changes with StatReloader
[23/Dec/2025 20:15:05] "GET /login/ HTTP/1.1" 200 3631
[23/Dec/2025 20:15:05] "GET /static/js/main.js HTTP/1.1" 404 1890
[23/Dec/2025 20:15:05] "GET /static/css/style.css HTTP/1.1" 404 1899
[23/Dec/2025 20:15:08] "GET /register/ HTTP/1.1" 200 4856
[23/Dec/2025 20:15:08] "GET /static/css/style.css HTTP/1.1" 404 1899
[23/Dec/2025 20:15:08] "GET /static/js/main.js HTTP/1.1" 404 1890
Watching for file changes with StatReloader
C:\Users\joseph\Downloads\prodig\apps\users\views.py changed, reloading.
Performing system checks...

System check identified no issues (0 silenced).
December 23, 2025 - 20:21:52
Django version 4.2.7, using settings 'config.settings'
Starting development server at http://0.0.0.0:8000/
Quit the server with CTRL-BREAK.

Watching for file changes with StatReloader
[23/Dec/2025 20:25:51] "GET /login/ HTTP/1.1" 200 3631
Forbidden (CSRF cookie not set.): /login/
[23/Dec/2025 20:25:51] "POST /login/ HTTP/1.1" 403 2870
C:\Users\joseph\Downloads\prodig\apps\users\views.py changed, reloading.
Performing system checks...

System check identified no issues (0 silenced).
December 23, 2025 - 20:24:58
Django version 4.2.7, using settings 'config.settings'
Starting development server at http://0.0.0.0:8000/
Quit the server with CTRL-BREAK.

Watching for file changes with StatReloader
[23/Dec/2025 20:29:05] "GET /static/js/main.js HTTP/1.1" 404 1890
[23/Dec/2025 20:30:35] "GET /static/js/main.js HTTP/1.1" 404 1890
[23/Dec/2025 20:33:25] "GET / HTTP/1.1" 302 0
[23/Dec/2025 20:33:25] "GET /dashboard/ HTTP/1.1" 200 5776
[23/Dec/2025 20:33:25] "GET /static/css/style.css HTTP/1.1" 404 1899
[23/Dec/2025 20:33:25] "GET /static/js/main.js HTTP/1.1" 404 1890
[23/Dec/2025 20:33:25] "GET /static/js/dashboard.js HTTP/1.1" 404 1905
[23/Dec/2025 20:33:34] "GET /profile/ HTTP/1.1" 200 6573
[23/Dec/2025 20:33:34] "GET /static/css/style.css HTTP/1.1" 404 1899
[23/Dec/2025 20:33:34] "GET /static/js/main.js HTTP/1.1" 404 1890
[23/Dec/2025 20:33:46] "GET /deposits/ HTTP/1.1" 200 7699
[23/Dec/2025 20:33:46] "GET /static/css/style.css HTTP/1.1" 404 1899
[23/Dec/2025 20:33:46] "GET /static/js/deposits.js HTTP/1.1" 404 1902
[23/Dec/2025 20:33:46] "GET /static/js/main.js HTTP/1.1" 404 1890
[23/Dec/2025 20:34:06] "GET /investments/ HTTP/1.1" 200 5932
[23/Dec/2025 20:34:06] "GET /static/css/style.css HTTP/1.1" 404 1899
[23/Dec/2025 20:34:06] "GET /static/js/main.js HTTP/1.1" 404 1890
[23/Dec/2025 20:34:06] "GET /static/js/investments.js HTTP/1.1" 404 1911
[23/Dec/2025 20:34:12] "GET /withdrawals/ HTTP/1.1" 200 5776
[23/Dec/2025 20:34:12] "GET /static/js/dashboard.js HTTP/1.1" 404 1905
[23/Dec/2025 20:34:12] "GET /static/js/main.js HTTP/1.1" 404 1890
[23/Dec/2025 20:34:12] "GET /static/css/style.css HTTP/1.1" 404 1899
[23/Dec/2025 20:34:15] "GET /withdrawals/ HTTP/1.1" 200 5776
[23/Dec/2025 20:34:15] "GET /static/css/style.css HTTP/1.1" 404 1899
[23/Dec/2025 20:34:15] "GET /static/js/dashboard.js HTTP/1.1" 404 1905
[23/Dec/2025 20:34:15] "GET /static/js/main.js HTTP/1.1" 404 1890
[23/Dec/2025 20:34:17] "GET /support/ HTTP/1.1" 200 7024
[23/Dec/2025 20:34:17] "GET /static/css/style.css HTTP/1.1" 404 1899
[23/Dec/2025 20:34:17] "GET /static/js/support.js HTTP/1.1" 404 1899
[23/Dec/2025 20:34:17] "GET /static/js/main.js HTTP/1.1" 404 1890
[23/Dec/2025 20:34:33] "GET /dashboard/ HTTP/1.1" 200 5776
[23/Dec/2025 20:34:33] "GET /static/js/main.js HTTP/1.1" 404 1890
[23/Dec/2025 20:34:33] "GET /static/js/dashboard.js HTTP/1.1" 404 1905
[23/Dec/2025 20:34:33] "GET /static/css/style.css HTTP/1.1" 404 1899
[23/Dec/2025 20:34:35] "GET /investments/ HTTP/1.1" 200 5932
[23/Dec/2025 20:34:35] "GET /static/css/style.css HTTP/1.1" 404 1899
[23/Dec/2025 20:34:35] "GET /static/js/investments.js HTTP/1.1" 404 1911
[23/Dec/2025 20:34:35] "GET /static/js/main.js HTTP/1.1" 404 1890
[23/Dec/2025 20:34:37] "GET /deposits/ HTTP/1.1" 200 7699
[23/Dec/2025 20:34:37] "GET /static/css/style.css HTTP/1.1" 404 1899
[23/Dec/2025 20:34:37] "GET /static/js/deposits.js HTTP/1.1" 404 1902
[23/Dec/2025 20:34:37] "GET /static/js/main.js HTTP/1.1" 404 1890
[23/Dec/2025 20:34:39] "GET /dashboard/ HTTP/1.1" 200 5776
[23/Dec/2025 20:34:39] "GET /static/css/style.css HTTP/1.1" 404 1899
[23/Dec/2025 20:34:39] "GET /static/js/dashboard.js HTTP/1.1" 404 1905
[23/Dec/2025 20:34:39] "GET /static/js/main.js HTTP/1.1" 404 1890
C:\Users\joseph\Downloads\prodig\config\settings.py changed, reloading.
Performing system checks...

System check identified no issues (0 silenced).
December 23, 2025 - 20:26:52
Django version 4.2.7, using settings 'config.settings'
Starting development server at http://0.0.0.0:8000/
Quit the server with CTRL-BREAK.

Watching for file changes with StatReloader
[23/Dec/2025 20:35:30] "GET /static/js/main.js HTTP/1.1" 200 4553
C:\Users\joseph\Downloads\prodig\apps\users\views.py changed, reloading.
Performing system checks...

System check identified no issues (0 silenced).
December 23, 2025 - 20:35:05
Django version 4.2.7, using settings 'config.settings'
Starting development server at http://0.0.0.0:8000/
Quit the server with CTRL-BREAK.

Watching for file changes with StatReloader
C:\Users\joseph\Downloads\prodig\.venv\Lib\site-packages\django\template\context.py changed, reloading.
Performing system checks...

System check identified no issues (0 silenced).
December 23, 2025 - 20:37:36
Django version 4.2.7, using settings 'config.settings'
Starting development server at http://0.0.0.0:8000/
Quit the server with CTRL-BREAK.

Watching for file changes with StatReloader
C:\Users\joseph\Downloads\prodig\.venv\Lib\site-packages\django\template\context.py changed, reloading.
Performing system checks...

System check identified no issues (0 silenced).
December 23, 2025 - 20:38:46
Django version 4.2.7, using settings 'config.settings'
Starting development server at http://0.0.0.0:8000/
Quit the server with CTRL-BREAK.

Watching for file changes with StatReloader
[23/Dec/2025 20:43:33] "GET /deposits/ HTTP/1.1" 200 7699
[23/Dec/2025 20:43:33] "GET /static/js/main.js HTTP/1.1" 200 4553
[23/Dec/2025 20:43:33] "GET /static/js/deposits.js HTTP/1.1" 200 3972
[23/Dec/2025 20:43:33] "GET /static/css/style.css HTTP/1.1" 200 4230
[23/Dec/2025 20:43:33] "GET /api/deposits/wallets/ HTTP/1.1" 200 143
[23/Dec/2025 20:43:33] "GET /api/deposits/my_deposits/ HTTP/1.1" 200 2
[23/Dec/2025 20:45:06] "GET /deposits/ HTTP/1.1" 200 7699
[23/Dec/2025 20:45:06] "GET /api/deposits/my_deposits/ HTTP/1.1" 200 2
[23/Dec/2025 20:45:06] "GET /api/deposits/wallets/ HTTP/1.1" 200 143
C:\Users\joseph\Downloads\prodig\apps\users\models.py changed, reloading.
Performing system checks...

System check identified no issues (0 silenced).
December 23, 2025 - 20:40:27
Django version 4.2.7, using settings 'config.settings'
Starting development server at http://0.0.0.0:8000/
Quit the server with CTRL-BREAK.

Watching for file changes with StatReloader
C:\Users\joseph\Downloads\prodig\apps\users\admin.py changed, reloading.
Performing system checks...

System check identified no issues (0 silenced).
December 23, 2025 - 20:45:12
Django version 4.2.7, using settings 'config.settings'
Starting development server at http://0.0.0.0:8000/
Quit the server with CTRL-BREAK.

Watching for file changes with StatReloader
[23/Dec/2025 20:45:20] "GET /dashboard/ HTTP/1.1" 200 5776
[23/Dec/2025 20:45:21] "GET /static/js/main.js HTTP/1.1" 304 0
[23/Dec/2025 20:45:21] "GET /static/js/dashboard.js HTTP/1.1" 200 2755
[23/Dec/2025 20:45:21] "GET /api/investments/my-investments/active_investments/ HTTP/1.1" 200 2
[23/Dec/2025 20:45:21] "GET /api/deposits/my_deposits/ HTTP/1.1" 200 2
[23/Dec/2025 20:45:51] "GET /dashboard/ HTTP/1.1" 200 5776
[23/Dec/2025 20:45:51] "GET /api/investments/my-investments/active_investments/ HTTP/1.1" 200 2
[23/Dec/2025 20:45:51] "GET /api/deposits/my_deposits/ HTTP/1.1" 200 2
[23/Dec/2025 20:45:53] "GET /deposits/ HTTP/1.1" 200 7699
[23/Dec/2025 20:45:53] "GET /api/deposits/my_deposits/ HTTP/1.1" 200 2
[23/Dec/2025 20:45:53] "GET /api/deposits/wallets/ HTTP/1.1" 200 143
[23/Dec/2025 20:48:05] "GET /api/deposits/wallets/ HTTP/1.1" 200 143
C:\Users\joseph\Downloads\prodig\apps\deposits\serializers.py changed, reloading.
Performing system checks...

System check identified no issues (0 silenced).
December 23, 2025 - 20:45:19
Django version 4.2.7, using settings 'config.settings'
Starting development server at http://0.0.0.0:8000/
Quit the server with CTRL-BREAK.

Watching for file changes with StatReloader
Unauthorized: /api/deposits/my_deposits/
[23/Dec/2025 20:48:39] "GET /api/deposits/my_deposits/ HTTP/1.1" 401 58
[23/Dec/2025 20:52:32] "GET /login/ HTTP/1.1" 200 4659
[23/Dec/2025 20:52:32] "GET /static/css/style.css HTTP/1.1" 304 0
[23/Dec/2025 20:52:32] "GET /static/js/main.js HTTP/1.1" 304 0
[23/Dec/2025 20:53:31] "POST /login/ HTTP/1.1" 302 0
[23/Dec/2025 20:53:31] "GET /dashboard/ HTTP/1.1" 200 5775
[23/Dec/2025 20:53:32] "GET /static/js/dashboard.js HTTP/1.1" 200 2983
[23/Dec/2025 20:53:32] "GET /api/investments/my-investments/active_investments/ HTTP/1.1" 200 2
[23/Dec/2025 20:53:32] "GET /api/deposits/my_deposits/ HTTP/1.1" 200 2
[23/Dec/2025 20:53:39] "GET /deposits/ HTTP/1.1" 200 7698
[23/Dec/2025 20:53:39] "GET /static/js/deposits.js HTTP/1.1" 200 4196
[23/Dec/2025 20:53:39] "GET /api/deposits/wallets/ HTTP/1.1" 200 143
[23/Dec/2025 20:53:39] "GET /api/deposits/my_deposits/ HTTP/1.1" 200 2
[23/Dec/2025 20:53:59] "GET /dashboard/ HTTP/1.1" 200 5775
[23/Dec/2025 20:53:59] "GET /static/js/dashboard.js HTTP/1.1" 304 0
[23/Dec/2025 20:53:59] "GET /api/investments/my-investments/active_investments/ HTTP/1.1" 200 2
[23/Dec/2025 20:53:59] "GET /api/deposits/my_deposits/ HTTP/1.1" 200 2
[23/Dec/2025 20:54:17] "GET /profile/ HTTP/1.1" 200 6572
Not Found: /api/api/users/me/
[23/Dec/2025 20:54:17] "GET /api/api/users/me/ HTTP/1.1" 404 4073
[23/Dec/2025 20:54:25] "GET /dashboard/ HTTP/1.1" 200 5775
[23/Dec/2025 20:54:25] "GET /static/js/dashboard.js HTTP/1.1" 304 0
[23/Dec/2025 20:54:25] "GET /api/investments/my-investments/active_investments/ HTTP/1.1" 200 2
[23/Dec/2025 20:54:25] "GET /api/deposits/my_deposits/ HTTP/1.1" 200 2
[23/Dec/2025 20:54:33] "GET /deposits/ HTTP/1.1" 200 7698
[23/Dec/2025 20:54:33] "GET /static/js/deposits.js HTTP/1.1" 304 0
[23/Dec/2025 20:54:33] "GET /api/deposits/wallets/ HTTP/1.1" 200 143
[23/Dec/2025 20:54:33] "GET /api/deposits/my_deposits/ HTTP/1.1" 200 2
[23/Dec/2025 20:56:29] "GET /deposits/ HTTP/1.1" 200 7698
[23/Dec/2025 20:56:29] "GET /static/js/deposits.js HTTP/1.1" 304 0
[23/Dec/2025 20:56:29] "GET /static/js/main.js HTTP/1.1" 304 0
[23/Dec/2025 20:56:29] "GET /api/deposits/my_deposits/ HTTP/1.1" 200 2
[23/Dec/2025 20:56:29] "GET /api/deposits/wallets/ HTTP/1.1" 200 143
[23/Dec/2025 20:56:31] "GET /deposits/ HTTP/1.1" 200 7698
[23/Dec/2025 20:56:31] "GET /api/deposits/wallets/ HTTP/1.1" 200 143
[23/Dec/2025 20:56:31] "GET /api/deposits/my_deposits/ HTTP/1.1" 200 2
C:\Users\joseph\Downloads\prodig\apps\users\admin.py changed, reloading.
Performing system checks...

System check identified no issues (0 silenced).
December 23, 2025 - 20:48:23
Django version 4.2.7, using settings 'config.settings'
Starting development server at http://0.0.0.0:8000/
Quit the server with CTRL-BREAK.

Watching for file changes with StatReloader
C:\Users\joseph\Downloads\prodig\apps\users\views.py changed, reloading.
Performing system checks...

System check identified no issues (0 silenced).
December 23, 2025 - 21:17:05
Django version 4.2.7, using settings 'config.settings'
Starting development server at http://0.0.0.0:8000/
Quit the server with CTRL-BREAK.

Watching for file changes with StatReloader
C:\Users\joseph\Downloads\prodig\apps\users\views.py changed, reloading.
Performing system checks...

System check identified no issues (0 silenced).
December 23, 2025 - 21:22:28
Django version 4.2.7, using settings 'config.settings'
Starting development server at http://0.0.0.0:8000/
Quit the server with CTRL-BREAK.

Watching for file changes with StatReloader
C:\Users\joseph\Downloads\prodig\apps\investments\models.py changed, reloading.
Performing system checks...

System check identified no issues (0 silenced).
December 23, 2025 - 21:28:09
Django version 4.2.7, using settings 'config.settings'
Starting development server at http://0.0.0.0:8000/
Quit the server with CTRL-BREAK.

Watching for file changes with StatReloader
C:\Users\joseph\Downloads\prodig\apps\users\views.py changed, reloading.
Performing system checks...

System check identified no issues (0 silenced).
December 23, 2025 - 21:28:15
Django version 4.2.7, using settings 'config.settings'
Starting development server at http://0.0.0.0:8000/
Quit the server with CTRL-BREAK.

Watching for file changes with StatReloader
C:\Users\joseph\Downloads\prodig\apps\users\views.py changed, reloading.
Performing system checks...

System check identified no issues (0 silenced).
December 23, 2025 - 21:33:13
Django version 4.2.7, using settings 'config.settings'
Starting development server at http://0.0.0.0:8000/
Quit the server with CTRL-BREAK.

Watching for file changes with StatReloader
C:\Users\joseph\Downloads\prodig\apps\users\views.py changed, reloading.
Performing system checks...

System check identified no issues (0 silenced).
December 23, 2025 - 21:35:04
Django version 4.2.7, using settings 'config.settings'
Starting development server at http://0.0.0.0:8000/
Quit the server with CTRL-BREAK.

Watching for file changes with StatReloader
C:\Users\joseph\Downloads\prodig\apps\users\views.py changed, reloading.
Performing system checks...

System check identified no issues (0 silenced).
December 23, 2025 - 21:35:10
Django version 4.2.7, using settings 'config.settings'
Starting development server at http://0.0.0.0:8000/
Quit the server with CTRL-BREAK.

Watching for file changes with StatReloader
C:\Users\joseph\Downloads\prodig\config\urls.py changed, reloading.
Performing system checks...

System check identified no issues (0 silenced).
December 23, 2025 - 21:39:15
Django version 4.2.7, using settings 'config.settings'
Starting development server at http://0.0.0.0:8000/
Quit the server with CTRL-BREAK.

Watching for file changes with StatReloader
C:\Users\joseph\Downloads\prodig\config\urls.py changed, reloading.
Performing system checks...

System check identified no issues (0 silenced).
December 23, 2025 - 21:39:20
Django version 4.2.7, using settings 'config.settings'
Starting development server at http://0.0.0.0:8000/
Quit the server with CTRL-BREAK.

Watching for file changes with StatReloader
C:\Users\joseph\Downloads\prodig\apps\investments\models.py changed, reloading.
Performing system checks...

System check identified no issues (0 silenced).
December 23, 2025 - 21:45:24
Django version 4.2.7, using settings 'config.settings'
Starting development server at http://0.0.0.0:8000/
Quit the server with CTRL-BREAK.

Watching for file changes with StatReloader
C:\Users\joseph\Downloads\prodig\apps\investments\serializers.py changed, reloading.
Performing system checks...

System check identified no issues (0 silenced).
December 23, 2025 - 22:03:07
Django version 4.2.7, using settings 'config.settings'
Starting development server at http://0.0.0.0:8000/
Quit the server with CTRL-BREAK.

Watching for file changes with StatReloader
C:\Users\joseph\Downloads\prodig\apps\users\views.py changed, reloading.
Performing system checks...

System check identified no issues (0 silenced).
December 23, 2025 - 22:11:45
Django version 4.2.7, using settings 'config.settings'
Starting development server at http://0.0.0.0:8000/
Quit the server with CTRL-BREAK.

Watching for file changes with StatReloader
C:\Users\joseph\Downloads\prodig\config\urls.py changed, reloading.
Performing system checks...

System check identified no issues (0 silenced).
December 24, 2025 - 09:10:29
Django version 4.2.7, using settings 'config.settings'
Starting development server at http://0.0.0.0:8000/
Quit the server with CTRL-BREAK.

Watching for file changes with StatReloader
C:\Users\joseph\Downloads\prodig\apps\users\views.py changed, reloading.
Performing system checks...

System check identified no issues (0 silenced).
December 24, 2025 - 09:11:53
Django version 4.2.7, using settings 'config.settings'
Starting development server at http://0.0.0.0:8000/
Quit the server with CTRL-BREAK.

Watching for file changes with StatReloader
C:\Users\joseph\Downloads\prodig\apps\investments\views.py changed, reloading.
Performing system checks...

System check identified no issues (0 silenced).
December 24, 2025 - 09:16:23
Django version 4.2.7, using settings 'config.settings'
Starting development server at http://0.0.0.0:8000/
Quit the server with CTRL-BREAK.

Watching for file changes with StatReloader
C:\Users\joseph\Downloads\prodig\apps\investments\views.py changed, reloading.
Performing system checks...

System check identified no issues (0 silenced).
December 24, 2025 - 09:16:29
Django version 4.2.7, using settings 'config.settings'
Starting development server at http://0.0.0.0:8000/
Quit the server with CTRL-BREAK.

Watching for file changes with StatReloader
C:\Users\joseph\Downloads\prodig\apps\deposits\views.py changed, reloading.
Performing system checks...

System check identified no issues (0 silenced).
December 24, 2025 - 09:16:39
Django version 4.2.7, using settings 'config.settings'
Starting development server at http://0.0.0.0:8000/
Quit the server with CTRL-BREAK.

Watching for file changes with StatReloader
C:\Users\joseph\Downloads\prodig\apps\deposits\views.py changed, reloading.
Performing system checks...

System check identified no issues (0 silenced).
December 24, 2025 - 09:16:52
Django version 4.2.7, using settings 'config.settings'
Starting development server at http://0.0.0.0:8000/
Quit the server with CTRL-BREAK.

Watching for file changes with StatReloader
C:\Users\joseph\Downloads\prodig\apps\withdrawals\views.py changed, reloading.
Performing system checks...

System check identified no issues (0 silenced).
December 24, 2025 - 09:16:58
Django version 4.2.7, using settings 'config.settings'
Starting development server at http://0.0.0.0:8000/
Quit the server with CTRL-BREAK.

Watching for file changes with StatReloader
C:\Users\joseph\Downloads\prodig\config\urls.py changed, reloading.
Performing system checks...

System check identified no issues (0 silenced).
December 24, 2025 - 09:17:15
Django version 4.2.7, using settings 'config.settings'
Starting development server at http://0.0.0.0:8000/
Quit the server with CTRL-BREAK.

Watching for file changes with StatReloader
C:\Users\joseph\Downloads\prodig\apps\withdrawals\views.py changed, reloading.
Performing system checks...

System check identified no issues (0 silenced).
December 24, 2025 - 09:17:23
Django version 4.2.7, using settings 'config.settings'
Starting development server at http://0.0.0.0:8000/
Quit the server with CTRL-BREAK.

Watching for file changes with StatReloader
C:\Users\joseph\Downloads\prodig\apps\investments\views.py changed, reloading.
Performing system checks...

System check identified no issues (0 silenced).
December 24, 2025 - 09:28:13
Django version 4.2.7, using settings 'config.settings'
Starting development server at http://0.0.0.0:8000/
Quit the server with CTRL-BREAK.

Watching for file changes with StatReloader
C:\Users\joseph\Downloads\prodig\apps\deposits\views.py changed, reloading.
Performing system checks...

System check identified no issues (0 silenced).
December 24, 2025 - 09:30:33
Django version 4.2.7, using settings 'config.settings'
Starting development server at http://0.0.0.0:8000/
Quit the server with CTRL-BREAK.

Watching for file changes with StatReloader
C:\Users\joseph\Downloads\prodig\config\settings.py changed, reloading.
Performing system checks...

System check identified no issues (0 silenced).
December 24, 2025 - 09:31:23
Django version 4.2.7, using settings 'config.settings'
Starting development server at http://0.0.0.0:8000/
Quit the server with CTRL-BREAK.

Watching for file changes with StatReloader
Session data corrupted
[24/Dec/2025 10:35:00] "GET /admin/ HTTP/1.1" 302 0
Session data corrupted
[24/Dec/2025 10:35:00] "GET /admin/login/?next=/admin/ HTTP/1.1" 200 4178
Session data corrupted
[24/Dec/2025 10:35:28] "POST /admin/login/?next=/admin/ HTTP/1.1" 200 4342
Session data corrupted
[24/Dec/2025 10:35:39] "POST /admin/login/?next=/admin/ HTTP/1.1" 200 4342
Session data corrupted
[24/Dec/2025 10:37:12] "POST /admin/login/?next=/admin/ HTTP/1.1" 200 4342
Session data corrupted
[24/Dec/2025 10:38:04] "GET /admin/ HTTP/1.1" 302 0
Session data corrupted
[24/Dec/2025 10:38:05] "GET /admin/login/?next=/admin/ HTTP/1.1" 200 4178
Session data corrupted
[24/Dec/2025 10:38:25] "POST /admin/login/?next=/admin/ HTTP/1.1" 200 4342
Session data corrupted
[24/Dec/2025 10:38:46] "POST /admin/login/?next=/admin/ HTTP/1.1" 200 4352
Session data corrupted
[24/Dec/2025 10:38:56] "POST /admin/login/?next=/admin/ HTTP/1.1" 200 4352
Session data corrupted
[24/Dec/2025 10:40:22] "GET /admin/ HTTP/1.1" 302 0
Session data corrupted
[24/Dec/2025 10:40:22] "GET /admin/login/?next=/admin/ HTTP/1.1" 200 4178
Session data corrupted
[24/Dec/2025 10:40:30] "POST /admin/login/?next=/admin/ HTTP/1.1" 200 4352
Session data corrupted
[24/Dec/2025 10:50:46] "POST /admin/login/?next=/admin/ HTTP/1.1" 200 4348
[24/Dec/2025 10:50:46] "GET /static/admin/css/base.css HTTP/1.1" 304 0
[24/Dec/2025 10:50:46] "GET /static/admin/css/dark_mode.css HTTP/1.1" 304 0
[24/Dec/2025 10:50:46] "GET /static/admin/css/nav_sidebar.css HTTP/1.1" 304 0
[24/Dec/2025 10:50:46] "GET /static/admin/css/login.css HTTP/1.1" 304 0
[24/Dec/2025 10:50:46] "GET /static/admin/css/responsive.css HTTP/1.1" 304 0
[24/Dec/2025 10:50:46] "GET /static/admin/js/nav_sidebar.js HTTP/1.1" 304 0
[24/Dec/2025 10:50:46] "GET /static/admin/js/theme.js HTTP/1.1" 304 0
Session data corrupted
[24/Dec/2025 10:51:32] "POST /admin/login/?next=/admin/ HTTP/1.1" 200 4340
[24/Dec/2025 10:52:27] "GET /admin/ HTTP/1.1" 302 0
[24/Dec/2025 10:52:27] "GET /admin/login/?next=/admin/ HTTP/1.1" 200 4178
[24/Dec/2025 10:52:28] "GET /static/admin/js/theme.js HTTP/1.1" 200 1943
[24/Dec/2025 10:52:28] "GET /static/admin/js/nav_sidebar.js HTTP/1.1" 200 3063
[24/Dec/2025 10:52:28] "GET /static/admin/css/nav_sidebar.css HTTP/1.1" 200 2694
[24/Dec/2025 10:52:28] "GET /static/admin/css/base.css HTTP/1.1" 200 21207
[24/Dec/2025 10:52:28] "GET /static/admin/css/dark_mode.css HTTP/1.1" 200 2929
[24/Dec/2025 10:52:28] "GET /static/admin/css/responsive.css HTTP/1.1" 200 18533
[24/Dec/2025 10:52:28] "GET /static/admin/css/login.css HTTP/1.1" 200 958
Not Found: /favicon.ico
[24/Dec/2025 10:52:28] "GET /favicon.ico HTTP/1.1" 404 4175
[24/Dec/2025 10:52:57] "POST /admin/login/?next=/admin/ HTTP/1.1" 200 4348
[24/Dec/2025 10:53:11] "POST /admin/login/?next=/admin/ HTTP/1.1" 200 4348
Session data corrupted
[24/Dec/2025 10:53:28] "GET /admin/ HTTP/1.1" 302 0
Session data corrupted
[24/Dec/2025 10:53:28] "GET /admin/login/?next=/admin/ HTTP/1.1" 200 4178
[24/Dec/2025 10:57:38] "GET /admin/ HTTP/1.1" 302 0
[24/Dec/2025 10:57:38] "GET /admin/login/?next=/admin/ HTTP/1.1" 200 4178
[24/Dec/2025 10:57:38] "GET /static/admin/css/nav_sidebar.css HTTP/1.1" 200 2694
[24/Dec/2025 10:57:38] "GET /static/admin/css/login.css HTTP/1.1" 200 958
[24/Dec/2025 10:57:38] "GET /static/admin/css/base.css HTTP/1.1" 200 21207
[24/Dec/2025 10:57:38] "GET /static/admin/css/dark_mode.css HTTP/1.1" 200 2929
[24/Dec/2025 10:57:38] "GET /static/admin/css/responsive.css HTTP/1.1" 200 18533
[24/Dec/2025 10:57:38] "GET /static/admin/js/theme.js HTTP/1.1" 200 1943
[24/Dec/2025 10:57:38] "GET /static/admin/js/nav_sidebar.js HTTP/1.1" 200 3063
[24/Dec/2025 10:58:11] "POST /admin/login/?next=/admin/ HTTP/1.1" 200 4348
[24/Dec/2025 10:58:48,212] - Broken pipe from ('127.0.0.1', 57737)
[24/Dec/2025 10:58:48] "POST /admin/login/?next=/admin/ HTTP/1.1" 200 4352
